<?xml version="1.0" encoding="UTF-8"?>
<testng-results skipped="0" failed="1" total="1" passed="0">
  <reporter-output>
  </reporter-output>
  <suite name="Default suite" duration-ms="6313" started-at="2016-03-17T08:37:04Z" finished-at="2016-03-17T08:37:11Z">
    <groups>
    </groups>
    <test name="Default test" duration-ms="6313" started-at="2016-03-17T08:37:04Z" finished-at="2016-03-17T08:37:11Z">
      <class name="org.TestNG.app.BingTranslator.Test.BingTranslatorTest">
        <test-method status="PASS" signature="setup()[pri:0, instance:org.TestNG.app.BingTranslator.Test.BingTranslatorTest@2d209079]" name="setup" is-config="true" duration-ms="3350" started-at="2016-03-17T14:07:04Z" finished-at="2016-03-17T14:07:08Z">
          <reporter-output>
          </reporter-output>
        </test-method> <!-- setup -->
        <test-method status="FAIL" signature="Test_01()[pri:0, instance:org.TestNG.app.BingTranslator.Test.BingTranslatorTest@2d209079]" name="Test_01" duration-ms="2353" started-at="2016-03-17T14:07:08Z" finished-at="2016-03-17T14:07:10Z">
          <exception class="java.lang.AssertionError">
            <message>
              <![CDATA[[ASSERT FAIL]:not equal expected [Hallo] but found []]]>
            </message>
            <full-stacktrace>
              <![CDATA[java.lang.AssertionError: [ASSERT FAIL]:not equal expected [Hallo] but found []
	at org.testng.Assert.fail(Assert.java:94)
	at org.testng.Assert.failNotEquals(Assert.java:513)
	at org.testng.Assert.assertEqualsImpl(Assert.java:135)
	at org.testng.Assert.assertEquals(Assert.java:116)
	at org.testng.Assert.assertEquals(Assert.java:190)
	at org.TestNG.app.BingTranslator.Keywords.BingTranslatorAction.swap(BingTranslatorAction.java:49)
	at org.TestNG.app.BingTranslator.Keywords.BingTranslatorAction.translate_Word(BingTranslatorAction.java:36)
	at org.TestNG.app.BingTranslator.Test.BingTranslatorTest.Test_01(BingTranslatorTest.java:23)
	at sun.reflect.NativeMethodAccessorImpl.invoke0(Native Method)
	at sun.reflect.NativeMethodAccessorImpl.invoke(NativeMethodAccessorImpl.java:62)
	at sun.reflect.DelegatingMethodAccessorImpl.invoke(DelegatingMethodAccessorImpl.java:43)
	at java.lang.reflect.Method.invoke(Method.java:497)
	at org.testng.internal.MethodInvocationHelper.invokeMethod(MethodInvocationHelper.java:86)
	at org.testng.internal.Invoker.invokeMethod(Invoker.java:645)
	at org.testng.internal.Invoker.invokeTestMethod(Invoker.java:822)
	at org.testng.internal.Invoker.invokeTestMethods(Invoker.java:1130)
	at org.testng.internal.TestMethodWorker.invokeTestMethods(TestMethodWorker.java:129)
	at org.testng.internal.TestMethodWorker.run(TestMethodWorker.java:112)
	at org.testng.TestRunner.privateRun(TestRunner.java:782)
	at org.testng.TestRunner.run(TestRunner.java:632)
	at org.testng.SuiteRunner.runTest(SuiteRunner.java:366)
	at org.testng.SuiteRunner.runSequentially(SuiteRunner.java:361)
	at org.testng.SuiteRunner.privateRun(SuiteRunner.java:319)
	at org.testng.SuiteRunner.run(SuiteRunner.java:268)
	at org.testng.SuiteRunnerWorker.runSuite(SuiteRunnerWorker.java:52)
	at org.testng.SuiteRunnerWorker.run(SuiteRunnerWorker.java:86)
	at org.testng.TestNG.runSuitesSequentially(TestNG.java:1244)
	at org.testng.TestNG.runSuitesLocally(TestNG.java:1169)
	at org.testng.TestNG.run(TestNG.java:1064)
	at org.testng.remote.RemoteTestNG.run(RemoteTestNG.java:113)
	at org.testng.remote.RemoteTestNG.initAndRun(RemoteTestNG.java:206)
	at org.testng.remote.RemoteTestNG.main(RemoteTestNG.java:177)
]]>
            </full-stacktrace>
          </exception> <!-- java.lang.AssertionError -->
          <reporter-output>
          </reporter-output>
        </test-method> <!-- Test_01 -->
        <test-method status="PASS" signature="close_Test_Session()[pri:0, instance:org.TestNG.app.BingTranslator.Test.BingTranslatorTest@2d209079]" name="close_Test_Session" is-config="true" duration-ms="586" started-at="2016-03-17T14:07:10Z" finished-at="2016-03-17T14:07:11Z">
          <reporter-output>
          </reporter-output>
        </test-method> <!-- close_Test_Session -->
      </class> <!-- org.TestNG.app.BingTranslator.Test.BingTranslatorTest -->
    </test> <!-- Default test -->
  </suite> <!-- Default suite -->
</testng-results>
